info it worked if it ends with ok
verbose cli [ 'node', '/usr/bin/npm', 'start' ]
info using npm@1.1.4
info using node@v0.6.12
verbose config file /home/saasbook/.npmrc
verbose config file /usr/etc/npmrc
verbose config file /usr/share/npm/npmrc
verbose caching /home/saasbook/SeniorProject/elitefleet/package.json
verbose loadDefaults node-js-getting-started@0.1.5
verbose run-script [ 'prestart', 'start', 'poststart' ]
info prestart node-js-getting-started@0.1.5
info start node-js-getting-started@0.1.5
verbose unsafe-perm in lifecycle true
silly exec sh "-c" "node index.js"
silly spawning [ 'sh',
silly spawning   [ '-c', 'node index.js' ],
silly spawning   '/home/saasbook/SeniorProject/elitefleet' ]
info node-js-getting-started@0.1.5 Failed to exec start script
ERR! node-js-getting-started@0.1.5 start: `node index.js`
ERR! `sh "-c" "node index.js"` failed with 1
ERR! 
ERR! Failed at the node-js-getting-started@0.1.5 start script.
ERR! This is most likely a problem with the node-js-getting-started package,
ERR! not with npm itself.
ERR! Tell the author that this fails on your system:
ERR!     node index.js
ERR! You can get their info via:
ERR!     npm owner ls node-js-getting-started
ERR! There is likely additional logging output above.
ERR! 
ERR! System Linux 3.8.0-32-generic
ERR! command "node" "/usr/bin/npm" "start"
ERR! cwd /home/saasbook/SeniorProject/elitefleet
ERR! node -v v0.6.12
ERR! npm -v 1.1.4
ERR! code ELIFECYCLE
ERR! message node-js-getting-started@0.1.5 start: `node index.js`
ERR! message `sh "-c" "node index.js"` failed with 1
ERR! errno {}
verbose exit [ 1, true ]
